<?xml version="1.0" encoding="UTF-8"?>
<testsuite xmlns:xsi="http://www.w3.org/2001/XMLSchema-instance" xsi:noNamespaceSchemaLocation="https://maven.apache.org/surefire/maven-surefire-plugin/xsd/surefire-test-report.xsd" version="3.0.2" name="com.kitehub.gateway.filter.TenantResolverFilterTest" time="3.69" tests="4" errors="0" skipped="0" failures="0">
  <properties>
[...]
</properties>
  <testcase name="testTenantResolver_InstanceSuspended_Returns503" classname="com.kitehub.gateway.filter.TenantResolverFilterTest" time="3.611">
    <system-out><![CDATA[05:02:15.883 [main] WARN com.kitehub.gateway.filter.TenantResolverFilter -- Instance customer1 is not active: SUSPENDED
]]></system-out>
  </testcase>
  <testcase name="testTenantResolver_ValidSubdomain_Success" classname="com.kitehub.gateway.filter.TenantResolverFilterTest" time="0.022"/>
  <testcase name="testTenantResolver_InstanceNotFound_Returns404" classname="com.kitehub.gateway.filter.TenantResolverFilterTest" time="0.004">
    <system-out><![CDATA[05:02:16.174 [main] WARN com.kitehub.gateway.filter.TenantResolverFilter -- Instance not found for subdomain: nonexistent
]]></system-out>
  </testcase>
  <testcase name="testTenantResolver_CustomDomain_Success" classname="com.kitehub.gateway.filter.TenantResolverFilterTest" time="0.005"/>
</testsuite>